

============================== 2022-10-25 19:02:38.996268 | 0e6a9ab1-9fe7-411d-8ab3-307ac523cd28 ==============================
[0m19:02:38.996273 [info ] [MainThread]: Running with dbt=1.3.0
[0m19:02:38.996581 [debug] [MainThread]: running dbt with arguments {'write_json': True, 'use_colors': True, 'printer_width': 80, 'version_check': True, 'partial_parse': True, 'static_parser': True, 'profiles_dir': '/Users/kent/.dbt', 'send_anonymous_usage_stats': True, 'event_buffer_size': 100000, 'quiet': False, 'no_print': False, 'project_name': 'jaffle_shop', 'skip_profile_setup': False, 'which': 'init', 'indirect_selection': 'eager'}
[0m19:02:38.996729 [debug] [MainThread]: Tracking: tracking
[0m19:02:39.028757 [debug] [MainThread]: Sending event: {'category': 'dbt', 'action': 'invocation', 'label': 'start', 'context': [<snowplow_tracker.self_describing_json.SelfDescribingJson object at 0x10472aee0>, <snowplow_tracker.self_describing_json.SelfDescribingJson object at 0x10472acd0>, <snowplow_tracker.self_describing_json.SelfDescribingJson object at 0x10472ad00>]}
[0m19:02:39.029656 [info ] [MainThread]: Creating dbt configuration folder at /Users/kent/.dbt
[0m19:02:39.041083 [debug] [MainThread]: Starter project path: /opt/homebrew/Cellar/dbt-snowflake/1.3.0/libexec/lib/python3.9/site-packages/dbt/include/starter_project
[0m19:06:52.165495 [info ] [MainThread]: Profile jaffle_shop written to /Users/kent/.dbt/profiles.yml using target's profile_template.yml and your supplied values. Run 'dbt debug' to validate the connection.
[0m19:06:52.167750 [info ] [MainThread]: 
Your new dbt project "jaffle_shop" was created!

For more information on how to configure the profiles.yml file,
please consult the dbt documentation here:

  https://docs.getdbt.com/docs/configure-your-profile

One more thing:

Need help? Don't hesitate to reach out to us via GitHub issues or on Slack:

  https://community.getdbt.com/

Happy modeling!

[0m19:06:52.171436 [debug] [MainThread]: Sending event: {'category': 'dbt', 'action': 'invocation', 'label': 'end', 'context': [<snowplow_tracker.self_describing_json.SelfDescribingJson object at 0x10472a3a0>, <snowplow_tracker.self_describing_json.SelfDescribingJson object at 0x10472a3d0>, <snowplow_tracker.self_describing_json.SelfDescribingJson object at 0x10472aa30>]}
[0m19:06:52.172764 [debug] [MainThread]: Flushing usage events
[0m19:06:52.526214 [debug] [MainThread]: Error sending anonymous usage statistics. Disabling tracking for this execution. If you wish to permanently disable tracking, see: https://docs.getdbt.com/reference/global-configs#send-anonymous-usage-stats.
